[2026-03-06T11:33:01.548265+00:00] main.ERROR: {"feed":"undefined","operation":"undefined","status":"Cannot set indexer to Update On Schedule mode: Invalid entity_type specified: catalog_product","elapsed":"133 ms","pid":"53121","caller":"bin\/magento setup:install --base-url=http:\/\/testlicious.com\/ --db-host=localhost --db-name=magento --db-user=magento"} {"indexer":"catalogsearch_fulltext","exception":"[object] (Magento\\Framework\\Exception\\LocalizedException(code: 0): Invalid entity_type specified: catalog_product at /usr/share/nginx/html/magento2/vendor/magento/module-eav/Model/Config.php:472)"} []
[2026-03-06T11:33:08.160124+00:00] main.INFO: {"feed":"salesOrders","operation":"full reindex(legacy)","status":"Initialize","elapsed":"00:00:00 357 ms","pid":"53121","caller":"bin\/magento setup:install --base-url=http:\/\/testlicious.com\/ --db-host=localhost --db-name=magento --db-user=magento"} [] []
[2026-03-06T11:33:08.218583+00:00] main.INFO: {"feed":"salesOrders","operation":"full reindex(legacy)","status":"Creating batch table `sales_data_exporter_orders_index_batches`. Start position: 0","elapsed":"00:00:00 415 ms","pid":"53121","caller":"bin\/magento setup:install --base-url=http:\/\/testlicious.com\/ --db-host=localhost --db-name=magento --db-user=magento"} [] []
[2026-03-06T11:33:08.251971+00:00] main.INFO: {"feed":"salesOrders","operation":"full reindex(legacy)","status":"Batch table `sales_data_exporter_orders_index_batches` created. Total Items: 0, batches: ~0","elapsed":"00:00:00 449 ms","pid":"53121","caller":"bin\/magento setup:install --base-url=http:\/\/testlicious.com\/ --db-host=localhost --db-name=magento --db-user=magento"} [] []
[2026-03-06T11:33:08.252070+00:00] main.INFO: {"feed":"salesOrders","operation":"full reindex(legacy)","status":"nothing to process - no items to sync. Not expected? Are there any items in source table `sales_order`?","elapsed":"00:00:00 449 ms","pid":"53121","caller":"bin\/magento setup:install --base-url=http:\/\/testlicious.com\/ --db-host=localhost --db-name=magento --db-user=magento"} [] []
[2026-03-06T11:33:08.253987+00:00] main.INFO: {"feed":"salesOrders","operation":"full reindex(legacy)","status":"Complete","elapsed":"00:00:00 451 ms","pid":"53121","caller":"bin\/magento setup:install --base-url=http:\/\/testlicious.com\/ --db-host=localhost --db-name=magento --db-user=magento"} [] []
[2026-03-06T11:33:08.275112+00:00] main.INFO: {"feed":"salesOrderStatuses","operation":"full reindex(legacy)","status":"Initialize","elapsed":"00:00:00 587 ms","pid":"53121","caller":"bin\/magento setup:install --base-url=http:\/\/testlicious.com\/ --db-host=localhost --db-name=magento --db-user=magento"} [] []
[2026-03-06T11:33:08.341421+00:00] main.INFO: {"feed":"salesOrderStatuses","operation":"full reindex(legacy)","status":"Creating batch table `sales_data_exporter_order_statuses_index_batches`. Start position: ","elapsed":"00:00:00 653 ms","pid":"53121","caller":"bin\/magento setup:install --base-url=http:\/\/testlicious.com\/ --db-host=localhost --db-name=magento --db-user=magento"} [] []
[2026-03-06T11:33:08.377934+00:00] main.INFO: {"feed":"salesOrderStatuses","operation":"full reindex(legacy)","status":"Batch table `sales_data_exporter_order_statuses_index_batches` created. Total Items: 12, batches: ~0","elapsed":"00:00:00 690 ms","pid":"53121","caller":"bin\/magento setup:install --base-url=http:\/\/testlicious.com\/ --db-host=localhost --db-name=magento --db-user=magento"} [] []
[2026-03-06T11:33:08.378033+00:00] main.INFO: {"feed":"salesOrderStatuses","operation":"full reindex(legacy)","status":"start processing `12` items in `1` threads with `100` batch size","elapsed":"00:00:00 690 ms","pid":"53121","caller":"bin\/magento setup:install --base-url=http:\/\/testlicious.com\/ --db-host=localhost --db-name=magento --db-user=magento"} [] []
[2026-03-06T11:33:08.394432+00:00] main.INFO: {"feed":"salesOrderStatuses","operation":"full reindex(legacy)","status":"Progress 1\/1, processed 12, synced 12","elapsed":"00:00:00 706 ms","pid":"53121","caller":"bin\/magento setup:install --base-url=http:\/\/testlicious.com\/ --db-host=localhost --db-name=magento --db-user=magento"} [] []
[2026-03-06T11:33:08.397681+00:00] main.INFO: {"feed":"salesOrderStatuses","operation":"full reindex(legacy)","status":"Complete","elapsed":"00:00:00 709 ms","pid":"53121","caller":"bin\/magento setup:install --base-url=http:\/\/testlicious.com\/ --db-host=localhost --db-name=magento --db-user=magento"} [] []
[2026-03-06T11:33:08.414593+00:00] main.INFO: {"feed":"stores","operation":"full reindex(legacy)","status":"Initialize","elapsed":"00:00:00 866 ms","pid":"53121","caller":"bin\/magento setup:install --base-url=http:\/\/testlicious.com\/ --db-host=localhost --db-name=magento --db-user=magento"} [] []
[2026-03-06T11:33:08.469706+00:00] main.INFO: {"feed":"stores","operation":"full reindex(legacy)","status":"Creating batch table `stores_data_exporter_index_batches`. Start position: 0","elapsed":"00:00:00 921 ms","pid":"53121","caller":"bin\/magento setup:install --base-url=http:\/\/testlicious.com\/ --db-host=localhost --db-name=magento --db-user=magento"} [] []
[2026-03-06T11:33:08.500367+00:00] main.INFO: {"feed":"stores","operation":"full reindex(legacy)","status":"Batch table `stores_data_exporter_index_batches` created. Total Items: 1, batches: ~0","elapsed":"00:00:01 952 ms","pid":"53121","caller":"bin\/magento setup:install --base-url=http:\/\/testlicious.com\/ --db-host=localhost --db-name=magento --db-user=magento"} [] []
[2026-03-06T11:33:08.500586+00:00] main.INFO: {"feed":"stores","operation":"full reindex(legacy)","status":"start processing `1` items in `1` threads with `100` batch size","elapsed":"00:00:01 952 ms","pid":"53121","caller":"bin\/magento setup:install --base-url=http:\/\/testlicious.com\/ --db-host=localhost --db-name=magento --db-user=magento"} [] []
[2026-03-06T11:33:08.511631+00:00] main.INFO: {"feed":"stores","operation":"full reindex(legacy)","status":"Progress 1\/1, processed 1, synced 1","elapsed":"00:00:01 963 ms","pid":"53121","caller":"bin\/magento setup:install --base-url=http:\/\/testlicious.com\/ --db-host=localhost --db-name=magento --db-user=magento"} [] []
[2026-03-06T11:33:08.515209+00:00] main.INFO: {"feed":"stores","operation":"full reindex(legacy)","status":"Complete","elapsed":"00:00:01 966 ms","pid":"53121","caller":"bin\/magento setup:install --base-url=http:\/\/testlicious.com\/ --db-host=localhost --db-name=magento --db-user=magento"} [] []
[2026-03-06T12:54:23.806035+00:00] main.INFO: {"feed":"salesOrders","operation":"full reindex(legacy)","status":"Initialize","elapsed":"649 ms","pid":"54623","caller":".\/magento setup:upgrade"} [] []
[2026-03-06T12:54:23.854106+00:00] main.INFO: {"feed":"salesOrders","operation":"full reindex(legacy)","status":"Creating batch table `sales_data_exporter_orders_index_batches`. Start position: 0","elapsed":"697 ms","pid":"54623","caller":".\/magento setup:upgrade"} [] []
[2026-03-06T12:54:23.893273+00:00] main.INFO: {"feed":"salesOrders","operation":"full reindex(legacy)","status":"Batch table `sales_data_exporter_orders_index_batches` created. Total Items: 2, batches: ~0","elapsed":"736 ms","pid":"54623","caller":".\/magento setup:upgrade"} [] []
[2026-03-06T12:54:23.893433+00:00] main.INFO: {"feed":"salesOrders","operation":"full reindex(legacy)","status":"start processing `2` items in `1` threads with `100` batch size","elapsed":"736 ms","pid":"54623","caller":".\/magento setup:upgrade"} [] []
[2026-03-06T12:54:23.906322+00:00] main.INFO: {"feed":"salesOrders","operation":"full reindex(legacy)","status":"Progress 1\/1, processed 2, synced 0","elapsed":"749 ms","pid":"54623","caller":".\/magento setup:upgrade"} [] []
[2026-03-06T12:54:23.909255+00:00] main.INFO: {"feed":"salesOrders","operation":"full reindex(legacy)","status":"Complete","elapsed":"752 ms","pid":"54623","caller":".\/magento setup:upgrade"} [] []
[2026-03-06T12:54:23.924879+00:00] main.INFO: {"feed":"salesOrderStatuses","operation":"full reindex(legacy)","status":"Initialize","elapsed":"886 ms","pid":"54623","caller":".\/magento setup:upgrade"} [] []
[2026-03-06T12:54:23.988307+00:00] main.INFO: {"feed":"salesOrderStatuses","operation":"full reindex(legacy)","status":"Creating batch table `sales_data_exporter_order_statuses_index_batches`. Start position: ","elapsed":"950 ms","pid":"54623","caller":".\/magento setup:upgrade"} [] []
[2026-03-06T12:54:24.029851+00:00] main.INFO: {"feed":"salesOrderStatuses","operation":"full reindex(legacy)","status":"Batch table `sales_data_exporter_order_statuses_index_batches` created. Total Items: 12, batches: ~0","elapsed":"991 ms","pid":"54623","caller":".\/magento setup:upgrade"} [] []
[2026-03-06T12:54:24.030052+00:00] main.INFO: {"feed":"salesOrderStatuses","operation":"full reindex(legacy)","status":"start processing `12` items in `1` threads with `100` batch size","elapsed":"992 ms","pid":"54623","caller":".\/magento setup:upgrade"} [] []
[2026-03-06T12:54:24.038738+00:00] main.INFO: {"feed":"salesOrderStatuses","operation":"full reindex(legacy)","status":"Progress 1\/1, processed 12, synced 12","elapsed":"00:00:00 0 ms","pid":"54623","caller":".\/magento setup:upgrade"} [] []
[2026-03-06T12:54:24.041581+00:00] main.INFO: {"feed":"salesOrderStatuses","operation":"full reindex(legacy)","status":"Complete","elapsed":"00:00:00 3 ms","pid":"54623","caller":".\/magento setup:upgrade"} [] []
[2026-03-06T12:54:24.059086+00:00] main.INFO: {"feed":"stores","operation":"full reindex(legacy)","status":"Initialize","elapsed":"00:00:00 155 ms","pid":"54623","caller":".\/magento setup:upgrade"} [] []
[2026-03-06T12:54:24.114685+00:00] main.INFO: {"feed":"stores","operation":"full reindex(legacy)","status":"Creating batch table `stores_data_exporter_index_batches`. Start position: 0","elapsed":"00:00:00 210 ms","pid":"54623","caller":".\/magento setup:upgrade"} [] []
[2026-03-06T12:54:24.158538+00:00] main.INFO: {"feed":"stores","operation":"full reindex(legacy)","status":"Batch table `stores_data_exporter_index_batches` created. Total Items: 1, batches: ~0","elapsed":"00:00:00 254 ms","pid":"54623","caller":".\/magento setup:upgrade"} [] []
[2026-03-06T12:54:24.158698+00:00] main.INFO: {"feed":"stores","operation":"full reindex(legacy)","status":"start processing `1` items in `1` threads with `100` batch size","elapsed":"00:00:00 254 ms","pid":"54623","caller":".\/magento setup:upgrade"} [] []
[2026-03-06T12:54:24.168370+00:00] main.INFO: {"feed":"stores","operation":"full reindex(legacy)","status":"Progress 1\/1, processed 1, synced 1","elapsed":"00:00:00 264 ms","pid":"54623","caller":".\/magento setup:upgrade"} [] []
[2026-03-06T12:54:24.171982+00:00] main.INFO: {"feed":"stores","operation":"full reindex(legacy)","status":"Complete","elapsed":"00:00:00 268 ms","pid":"54623","caller":".\/magento setup:upgrade"} [] []
[2026-03-08T10:44:56.803720+00:00] main.INFO: {"feed":"salesOrders","operation":"full reindex(legacy)","status":"Initialize","elapsed":"644 ms","pid":"89616","caller":".\/magento setup:upgrade"} [] []
[2026-03-08T10:44:56.967862+00:00] main.INFO: {"feed":"salesOrders","operation":"full reindex(legacy)","status":"Creating batch table `sales_data_exporter_orders_index_batches`. Start position: 0","elapsed":"808 ms","pid":"89616","caller":".\/magento setup:upgrade"} [] []
[2026-03-08T10:44:57.215493+00:00] main.INFO: {"feed":"salesOrders","operation":"full reindex(legacy)","status":"Batch table `sales_data_exporter_orders_index_batches` created. Total Items: 2, batches: ~0","elapsed":"00:00:00 56 ms","pid":"89616","caller":".\/magento setup:upgrade"} [] []
[2026-03-08T10:44:57.215650+00:00] main.INFO: {"feed":"salesOrders","operation":"full reindex(legacy)","status":"start processing `2` items in `1` threads with `100` batch size","elapsed":"00:00:00 56 ms","pid":"89616","caller":".\/magento setup:upgrade"} [] []
[2026-03-08T10:44:57.248829+00:00] main.INFO: {"feed":"salesOrders","operation":"full reindex(legacy)","status":"Progress 1\/1, processed 2, synced 0","elapsed":"00:00:00 89 ms","pid":"89616","caller":".\/magento setup:upgrade"} [] []
[2026-03-08T10:44:57.269093+00:00] main.INFO: {"feed":"salesOrders","operation":"full reindex(legacy)","status":"Complete","elapsed":"00:00:00 109 ms","pid":"89616","caller":".\/magento setup:upgrade"} [] []
[2026-03-08T10:44:57.313329+00:00] main.INFO: {"feed":"salesOrderStatuses","operation":"full reindex(legacy)","status":"Initialize","elapsed":"00:00:00 663 ms","pid":"89616","caller":".\/magento setup:upgrade"} [] []
[2026-03-08T10:44:57.433980+00:00] main.INFO: {"feed":"salesOrderStatuses","operation":"full reindex(legacy)","status":"Creating batch table `sales_data_exporter_order_statuses_index_batches`. Start position: ","elapsed":"00:00:00 784 ms","pid":"89616","caller":".\/magento setup:upgrade"} [] []
[2026-03-08T10:44:57.470033+00:00] main.INFO: {"feed":"salesOrderStatuses","operation":"full reindex(legacy)","status":"Batch table `sales_data_exporter_order_statuses_index_batches` created. Total Items: 12, batches: ~0","elapsed":"00:00:00 820 ms","pid":"89616","caller":".\/magento setup:upgrade"} [] []
[2026-03-08T10:44:57.470155+00:00] main.INFO: {"feed":"salesOrderStatuses","operation":"full reindex(legacy)","status":"start processing `12` items in `1` threads with `100` batch size","elapsed":"00:00:00 820 ms","pid":"89616","caller":".\/magento setup:upgrade"} [] []
[2026-03-08T10:44:57.478554+00:00] main.INFO: {"feed":"salesOrderStatuses","operation":"full reindex(legacy)","status":"Progress 1\/1, processed 12, synced 12","elapsed":"00:00:00 829 ms","pid":"89616","caller":".\/magento setup:upgrade"} [] []
[2026-03-08T10:44:57.481101+00:00] main.INFO: {"feed":"salesOrderStatuses","operation":"full reindex(legacy)","status":"Complete","elapsed":"00:00:00 831 ms","pid":"89616","caller":".\/magento setup:upgrade"} [] []
[2026-03-08T10:44:57.492492+00:00] main.INFO: {"feed":"stores","operation":"full reindex(legacy)","status":"Initialize","elapsed":"22 ms","pid":"89616","caller":".\/magento setup:upgrade"} [] []
[2026-03-08T10:44:57.543779+00:00] main.INFO: {"feed":"stores","operation":"full reindex(legacy)","status":"Creating batch table `stores_data_exporter_index_batches`. Start position: 0","elapsed":"73 ms","pid":"89616","caller":".\/magento setup:upgrade"} [] []
[2026-03-08T10:44:57.579721+00:00] main.INFO: {"feed":"stores","operation":"full reindex(legacy)","status":"Batch table `stores_data_exporter_index_batches` created. Total Items: 1, batches: ~0","elapsed":"109 ms","pid":"89616","caller":".\/magento setup:upgrade"} [] []
[2026-03-08T10:44:57.579850+00:00] main.INFO: {"feed":"stores","operation":"full reindex(legacy)","status":"start processing `1` items in `1` threads with `100` batch size","elapsed":"109 ms","pid":"89616","caller":".\/magento setup:upgrade"} [] []
[2026-03-08T10:44:57.629569+00:00] main.INFO: {"feed":"stores","operation":"full reindex(legacy)","status":"Progress 1\/1, processed 1, synced 1","elapsed":"159 ms","pid":"89616","caller":".\/magento setup:upgrade"} [] []
[2026-03-08T10:44:57.633842+00:00] main.INFO: {"feed":"stores","operation":"full reindex(legacy)","status":"Complete","elapsed":"163 ms","pid":"89616","caller":".\/magento setup:upgrade"} [] []
[2026-03-08T11:06:11.664637+00:00] main.INFO: {"feed":"salesOrders","operation":"full reindex(legacy)","status":"Initialize","elapsed":"366 ms","pid":"89984","caller":".\/magento setup:upgrade"} [] []
[2026-03-08T11:06:11.957690+00:00] main.INFO: {"feed":"salesOrders","operation":"full reindex(legacy)","status":"Creating batch table `sales_data_exporter_orders_index_batches`. Start position: 0","elapsed":"659 ms","pid":"89984","caller":".\/magento setup:upgrade"} [] []
[2026-03-08T11:06:12.058386+00:00] main.INFO: {"feed":"salesOrders","operation":"full reindex(legacy)","status":"Batch table `sales_data_exporter_orders_index_batches` created. Total Items: 2, batches: ~0","elapsed":"760 ms","pid":"89984","caller":".\/magento setup:upgrade"} [] []
[2026-03-08T11:06:12.058531+00:00] main.INFO: {"feed":"salesOrders","operation":"full reindex(legacy)","status":"start processing `2` items in `1` threads with `100` batch size","elapsed":"760 ms","pid":"89984","caller":".\/magento setup:upgrade"} [] []
[2026-03-08T11:06:12.074416+00:00] main.INFO: {"feed":"salesOrders","operation":"full reindex(legacy)","status":"Progress 1\/1, processed 2, synced 0","elapsed":"776 ms","pid":"89984","caller":".\/magento setup:upgrade"} [] []
[2026-03-08T11:06:12.078155+00:00] main.INFO: {"feed":"salesOrders","operation":"full reindex(legacy)","status":"Complete","elapsed":"779 ms","pid":"89984","caller":".\/magento setup:upgrade"} [] []
[2026-03-08T11:06:12.122011+00:00] main.INFO: {"feed":"salesOrderStatuses","operation":"full reindex(legacy)","status":"Initialize","elapsed":"00:00:00 281 ms","pid":"89984","caller":".\/magento setup:upgrade"} [] []
[2026-03-08T11:06:12.213555+00:00] main.INFO: {"feed":"salesOrderStatuses","operation":"full reindex(legacy)","status":"Creating batch table `sales_data_exporter_order_statuses_index_batches`. Start position: ","elapsed":"00:00:00 372 ms","pid":"89984","caller":".\/magento setup:upgrade"} [] []
[2026-03-08T11:06:12.253189+00:00] main.INFO: {"feed":"salesOrderStatuses","operation":"full reindex(legacy)","status":"Batch table `sales_data_exporter_order_statuses_index_batches` created. Total Items: 12, batches: ~0","elapsed":"00:00:00 412 ms","pid":"89984","caller":".\/magento setup:upgrade"} [] []
[2026-03-08T11:06:12.253296+00:00] main.INFO: {"feed":"salesOrderStatuses","operation":"full reindex(legacy)","status":"start processing `12` items in `1` threads with `100` batch size","elapsed":"00:00:00 412 ms","pid":"89984","caller":".\/magento setup:upgrade"} [] []
[2026-03-08T11:06:12.260241+00:00] main.INFO: {"feed":"salesOrderStatuses","operation":"full reindex(legacy)","status":"Progress 1\/1, processed 12, synced 12","elapsed":"00:00:00 419 ms","pid":"89984","caller":".\/magento setup:upgrade"} [] []
[2026-03-08T11:06:12.261881+00:00] main.INFO: {"feed":"salesOrderStatuses","operation":"full reindex(legacy)","status":"Complete","elapsed":"00:00:00 421 ms","pid":"89984","caller":".\/magento setup:upgrade"} [] []
[2026-03-08T11:06:12.272598+00:00] main.INFO: {"feed":"stores","operation":"full reindex(legacy)","status":"Initialize","elapsed":"00:00:00 582 ms","pid":"89984","caller":".\/magento setup:upgrade"} [] []
[2026-03-08T11:06:12.323273+00:00] main.INFO: {"feed":"stores","operation":"full reindex(legacy)","status":"Creating batch table `stores_data_exporter_index_batches`. Start position: 0","elapsed":"00:00:00 633 ms","pid":"89984","caller":".\/magento setup:upgrade"} [] []
[2026-03-08T11:06:12.520859+00:00] main.INFO: {"feed":"stores","operation":"full reindex(legacy)","status":"Batch table `stores_data_exporter_index_batches` created. Total Items: 1, batches: ~0","elapsed":"00:00:01 830 ms","pid":"89984","caller":".\/magento setup:upgrade"} [] []
[2026-03-08T11:06:12.520990+00:00] main.INFO: {"feed":"stores","operation":"full reindex(legacy)","status":"start processing `1` items in `1` threads with `100` batch size","elapsed":"00:00:01 830 ms","pid":"89984","caller":".\/magento setup:upgrade"} [] []
[2026-03-08T11:06:12.555130+00:00] main.INFO: {"feed":"stores","operation":"full reindex(legacy)","status":"Progress 1\/1, processed 1, synced 1","elapsed":"00:00:01 864 ms","pid":"89984","caller":".\/magento setup:upgrade"} [] []
[2026-03-08T11:06:12.564805+00:00] main.INFO: {"feed":"stores","operation":"full reindex(legacy)","status":"Complete","elapsed":"00:00:01 874 ms","pid":"89984","caller":".\/magento setup:upgrade"} [] []
[2026-03-08T11:26:33.481878+00:00] main.INFO: {"feed":"salesOrders","operation":"full reindex(legacy)","status":"Initialize","elapsed":"0 ms","pid":"90208","caller":".\/magento setup:upgrade"} [] []
[2026-03-08T11:26:33.692445+00:00] main.INFO: {"feed":"salesOrders","operation":"full reindex(legacy)","status":"Creating batch table `sales_data_exporter_orders_index_batches`. Start position: 0","elapsed":"211 ms","pid":"90208","caller":".\/magento setup:upgrade"} [] []
[2026-03-08T11:26:33.842693+00:00] main.INFO: {"feed":"salesOrders","operation":"full reindex(legacy)","status":"Batch table `sales_data_exporter_orders_index_batches` created. Total Items: 2, batches: ~0","elapsed":"361 ms","pid":"90208","caller":".\/magento setup:upgrade"} [] []
[2026-03-08T11:26:33.842859+00:00] main.INFO: {"feed":"salesOrders","operation":"full reindex(legacy)","status":"start processing `2` items in `1` threads with `100` batch size","elapsed":"361 ms","pid":"90208","caller":".\/magento setup:upgrade"} [] []
[2026-03-08T11:26:33.868549+00:00] main.INFO: {"feed":"salesOrders","operation":"full reindex(legacy)","status":"Progress 1\/1, processed 2, synced 0","elapsed":"387 ms","pid":"90208","caller":".\/magento setup:upgrade"} [] []
[2026-03-08T11:26:33.881253+00:00] main.INFO: {"feed":"salesOrders","operation":"full reindex(legacy)","status":"Complete","elapsed":"400 ms","pid":"90208","caller":".\/magento setup:upgrade"} [] []
[2026-03-08T11:26:33.939864+00:00] main.INFO: {"feed":"salesOrderStatuses","operation":"full reindex(legacy)","status":"Initialize","elapsed":"916 ms","pid":"90208","caller":".\/magento setup:upgrade"} [] []
[2026-03-08T11:26:34.005629+00:00] main.INFO: {"feed":"salesOrderStatuses","operation":"full reindex(legacy)","status":"Creating batch table `sales_data_exporter_order_statuses_index_batches`. Start position: ","elapsed":"982 ms","pid":"90208","caller":".\/magento setup:upgrade"} [] []
[2026-03-08T11:26:34.139317+00:00] main.INFO: {"feed":"salesOrderStatuses","operation":"full reindex(legacy)","status":"Batch table `sales_data_exporter_order_statuses_index_batches` created. Total Items: 12, batches: ~0","elapsed":"00:00:00 116 ms","pid":"90208","caller":".\/magento setup:upgrade"} [] []
[2026-03-08T11:26:34.139435+00:00] main.INFO: {"feed":"salesOrderStatuses","operation":"full reindex(legacy)","status":"start processing `12` items in `1` threads with `100` batch size","elapsed":"00:00:00 116 ms","pid":"90208","caller":".\/magento setup:upgrade"} [] []
[2026-03-08T11:26:34.154091+00:00] main.INFO: {"feed":"salesOrderStatuses","operation":"full reindex(legacy)","status":"Progress 1\/1, processed 12, synced 12","elapsed":"00:00:00 131 ms","pid":"90208","caller":".\/magento setup:upgrade"} [] []
[2026-03-08T11:26:34.156683+00:00] main.INFO: {"feed":"salesOrderStatuses","operation":"full reindex(legacy)","status":"Complete","elapsed":"00:00:00 133 ms","pid":"90208","caller":".\/magento setup:upgrade"} [] []
[2026-03-08T11:26:34.178996+00:00] main.INFO: {"feed":"stores","operation":"full reindex(legacy)","status":"Initialize","elapsed":"00:00:00 395 ms","pid":"90208","caller":".\/magento setup:upgrade"} [] []
[2026-03-08T11:26:34.248381+00:00] main.INFO: {"feed":"stores","operation":"full reindex(legacy)","status":"Creating batch table `stores_data_exporter_index_batches`. Start position: 0","elapsed":"00:00:00 464 ms","pid":"90208","caller":".\/magento setup:upgrade"} [] []
[2026-03-08T11:26:34.341155+00:00] main.INFO: {"feed":"stores","operation":"full reindex(legacy)","status":"Batch table `stores_data_exporter_index_batches` created. Total Items: 1, batches: ~0","elapsed":"00:00:00 557 ms","pid":"90208","caller":".\/magento setup:upgrade"} [] []
[2026-03-08T11:26:34.341302+00:00] main.INFO: {"feed":"stores","operation":"full reindex(legacy)","status":"start processing `1` items in `1` threads with `100` batch size","elapsed":"00:00:00 557 ms","pid":"90208","caller":".\/magento setup:upgrade"} [] []
[2026-03-08T11:26:34.393027+00:00] main.INFO: {"feed":"stores","operation":"full reindex(legacy)","status":"Progress 1\/1, processed 1, synced 1","elapsed":"00:00:00 609 ms","pid":"90208","caller":".\/magento setup:upgrade"} [] []
[2026-03-08T11:26:34.396530+00:00] main.INFO: {"feed":"stores","operation":"full reindex(legacy)","status":"Complete","elapsed":"00:00:00 612 ms","pid":"90208","caller":".\/magento setup:upgrade"} [] []
[2026-03-08T11:27:29.086659+00:00] main.INFO: {"feed":"salesOrders","operation":"full reindex(legacy)","status":"Initialize","elapsed":"00:00:00 210 ms","pid":"90259","caller":".\/magento setup:upgrade"} [] []
[2026-03-08T11:27:29.151609+00:00] main.INFO: {"feed":"salesOrders","operation":"full reindex(legacy)","status":"Creating batch table `sales_data_exporter_orders_index_batches`. Start position: 0","elapsed":"00:00:00 275 ms","pid":"90259","caller":".\/magento setup:upgrade"} [] []
[2026-03-08T11:27:29.192764+00:00] main.INFO: {"feed":"salesOrders","operation":"full reindex(legacy)","status":"Batch table `sales_data_exporter_orders_index_batches` created. Total Items: 2, batches: ~0","elapsed":"00:00:00 316 ms","pid":"90259","caller":".\/magento setup:upgrade"} [] []
[2026-03-08T11:27:29.192880+00:00] main.INFO: {"feed":"salesOrders","operation":"full reindex(legacy)","status":"start processing `2` items in `1` threads with `100` batch size","elapsed":"00:00:00 316 ms","pid":"90259","caller":".\/magento setup:upgrade"} [] []
[2026-03-08T11:27:29.209352+00:00] main.INFO: {"feed":"salesOrders","operation":"full reindex(legacy)","status":"Progress 1\/1, processed 2, synced 0","elapsed":"00:00:00 333 ms","pid":"90259","caller":".\/magento setup:upgrade"} [] []
[2026-03-08T11:27:29.212846+00:00] main.INFO: {"feed":"salesOrders","operation":"full reindex(legacy)","status":"Complete","elapsed":"00:00:00 336 ms","pid":"90259","caller":".\/magento setup:upgrade"} [] []
[2026-03-08T11:27:29.230623+00:00] main.INFO: {"feed":"salesOrderStatuses","operation":"full reindex(legacy)","status":"Initialize","elapsed":"00:00:00 498 ms","pid":"90259","caller":".\/magento setup:upgrade"} [] []
[2026-03-08T11:27:29.292106+00:00] main.INFO: {"feed":"salesOrderStatuses","operation":"full reindex(legacy)","status":"Creating batch table `sales_data_exporter_order_statuses_index_batches`. Start position: ","elapsed":"00:00:00 559 ms","pid":"90259","caller":".\/magento setup:upgrade"} [] []
[2026-03-08T11:27:29.337476+00:00] main.INFO: {"feed":"salesOrderStatuses","operation":"full reindex(legacy)","status":"Batch table `sales_data_exporter_order_statuses_index_batches` created. Total Items: 12, batches: ~0","elapsed":"00:00:00 605 ms","pid":"90259","caller":".\/magento setup:upgrade"} [] []
[2026-03-08T11:27:29.337748+00:00] main.INFO: {"feed":"salesOrderStatuses","operation":"full reindex(legacy)","status":"start processing `12` items in `1` threads with `100` batch size","elapsed":"00:00:00 605 ms","pid":"90259","caller":".\/magento setup:upgrade"} [] []
[2026-03-08T11:27:29.347015+00:00] main.INFO: {"feed":"salesOrderStatuses","operation":"full reindex(legacy)","status":"Progress 1\/1, processed 12, synced 12","elapsed":"00:00:00 614 ms","pid":"90259","caller":".\/magento setup:upgrade"} [] []
[2026-03-08T11:27:29.350083+00:00] main.INFO: {"feed":"salesOrderStatuses","operation":"full reindex(legacy)","status":"Complete","elapsed":"00:00:00 617 ms","pid":"90259","caller":".\/magento setup:upgrade"} [] []
[2026-03-08T11:27:29.363376+00:00] main.INFO: {"feed":"stores","operation":"full reindex(legacy)","status":"Initialize","elapsed":"00:00:00 763 ms","pid":"90259","caller":".\/magento setup:upgrade"} [] []
[2026-03-08T11:27:29.431007+00:00] main.INFO: {"feed":"stores","operation":"full reindex(legacy)","status":"Creating batch table `stores_data_exporter_index_batches`. Start position: 0","elapsed":"00:00:00 831 ms","pid":"90259","caller":".\/magento setup:upgrade"} [] []
[2026-03-08T11:27:29.475908+00:00] main.INFO: {"feed":"stores","operation":"full reindex(legacy)","status":"Batch table `stores_data_exporter_index_batches` created. Total Items: 1, batches: ~0","elapsed":"00:00:00 876 ms","pid":"90259","caller":".\/magento setup:upgrade"} [] []
[2026-03-08T11:27:29.476026+00:00] main.INFO: {"feed":"stores","operation":"full reindex(legacy)","status":"start processing `1` items in `1` threads with `100` batch size","elapsed":"00:00:00 876 ms","pid":"90259","caller":".\/magento setup:upgrade"} [] []
[2026-03-08T11:27:29.485864+00:00] main.INFO: {"feed":"stores","operation":"full reindex(legacy)","status":"Progress 1\/1, processed 1, synced 1","elapsed":"00:00:01 886 ms","pid":"90259","caller":".\/magento setup:upgrade"} [] []
[2026-03-08T11:27:29.488794+00:00] main.INFO: {"feed":"stores","operation":"full reindex(legacy)","status":"Complete","elapsed":"00:00:01 889 ms","pid":"90259","caller":".\/magento setup:upgrade"} [] []
[2026-03-08T11:37:40.284053+00:00] main.INFO: {"feed":"salesOrders","operation":"full reindex(legacy)","status":"Initialize","elapsed":"00:00:00 605 ms","pid":"90380","caller":".\/magento setup:upgrade"} [] []
[2026-03-08T11:37:40.432477+00:00] main.INFO: {"feed":"salesOrders","operation":"full reindex(legacy)","status":"Creating batch table `sales_data_exporter_orders_index_batches`. Start position: 0","elapsed":"00:00:00 753 ms","pid":"90380","caller":".\/magento setup:upgrade"} [] []
[2026-03-08T11:37:40.489777+00:00] main.INFO: {"feed":"salesOrders","operation":"full reindex(legacy)","status":"Batch table `sales_data_exporter_orders_index_batches` created. Total Items: 2, batches: ~0","elapsed":"00:00:01 810 ms","pid":"90380","caller":".\/magento setup:upgrade"} [] []
[2026-03-08T11:37:40.489884+00:00] main.INFO: {"feed":"salesOrders","operation":"full reindex(legacy)","status":"start processing `2` items in `1` threads with `100` batch size","elapsed":"00:00:01 811 ms","pid":"90380","caller":".\/magento setup:upgrade"} [] []
[2026-03-08T11:37:40.508286+00:00] main.INFO: {"feed":"salesOrders","operation":"full reindex(legacy)","status":"Progress 1\/1, processed 2, synced 0","elapsed":"00:00:01 829 ms","pid":"90380","caller":".\/magento setup:upgrade"} [] []
[2026-03-08T11:37:40.510259+00:00] main.INFO: {"feed":"salesOrders","operation":"full reindex(legacy)","status":"Complete","elapsed":"00:00:01 831 ms","pid":"90380","caller":".\/magento setup:upgrade"} [] []
[2026-03-08T11:37:40.520929+00:00] main.INFO: {"feed":"salesOrderStatuses","operation":"full reindex(legacy)","status":"Initialize","elapsed":"79 ms","pid":"90380","caller":".\/magento setup:upgrade"} [] []
[2026-03-08T11:37:40.578174+00:00] main.INFO: {"feed":"salesOrderStatuses","operation":"full reindex(legacy)","status":"Creating batch table `sales_data_exporter_order_statuses_index_batches`. Start position: ","elapsed":"136 ms","pid":"90380","caller":".\/magento setup:upgrade"} [] []
[2026-03-08T11:37:40.621219+00:00] main.INFO: {"feed":"salesOrderStatuses","operation":"full reindex(legacy)","status":"Batch table `sales_data_exporter_order_statuses_index_batches` created. Total Items: 12, batches: ~0","elapsed":"179 ms","pid":"90380","caller":".\/magento setup:upgrade"} [] []
[2026-03-08T11:37:40.621328+00:00] main.INFO: {"feed":"salesOrderStatuses","operation":"full reindex(legacy)","status":"start processing `12` items in `1` threads with `100` batch size","elapsed":"179 ms","pid":"90380","caller":".\/magento setup:upgrade"} [] []
[2026-03-08T11:37:40.628968+00:00] main.INFO: {"feed":"salesOrderStatuses","operation":"full reindex(legacy)","status":"Progress 1\/1, processed 12, synced 12","elapsed":"187 ms","pid":"90380","caller":".\/magento setup:upgrade"} [] []
[2026-03-08T11:37:40.631268+00:00] main.INFO: {"feed":"salesOrderStatuses","operation":"full reindex(legacy)","status":"Complete","elapsed":"189 ms","pid":"90380","caller":".\/magento setup:upgrade"} [] []
[2026-03-08T11:37:40.640015+00:00] main.INFO: {"feed":"stores","operation":"full reindex(legacy)","status":"Initialize","elapsed":"317 ms","pid":"90380","caller":".\/magento setup:upgrade"} [] []
[2026-03-08T11:37:40.708911+00:00] main.INFO: {"feed":"stores","operation":"full reindex(legacy)","status":"Creating batch table `stores_data_exporter_index_batches`. Start position: 0","elapsed":"386 ms","pid":"90380","caller":".\/magento setup:upgrade"} [] []
[2026-03-08T11:37:40.777084+00:00] main.INFO: {"feed":"stores","operation":"full reindex(legacy)","status":"Batch table `stores_data_exporter_index_batches` created. Total Items: 1, batches: ~0","elapsed":"454 ms","pid":"90380","caller":".\/magento setup:upgrade"} [] []
[2026-03-08T11:37:40.777289+00:00] main.INFO: {"feed":"stores","operation":"full reindex(legacy)","status":"start processing `1` items in `1` threads with `100` batch size","elapsed":"454 ms","pid":"90380","caller":".\/magento setup:upgrade"} [] []
[2026-03-08T11:37:40.784367+00:00] main.INFO: {"feed":"stores","operation":"full reindex(legacy)","status":"Progress 1\/1, processed 1, synced 1","elapsed":"461 ms","pid":"90380","caller":".\/magento setup:upgrade"} [] []
[2026-03-08T11:37:40.786038+00:00] main.INFO: {"feed":"stores","operation":"full reindex(legacy)","status":"Complete","elapsed":"463 ms","pid":"90380","caller":".\/magento setup:upgrade"} [] []
[2026-03-08T12:14:45.741541+00:00] main.INFO: {"feed":"salesOrders","operation":"full reindex(legacy)","status":"Initialize","elapsed":"520 ms","pid":"91708","caller":".\/magento setup:upgrade"} [] []
[2026-03-08T12:14:45.882072+00:00] main.INFO: {"feed":"salesOrders","operation":"full reindex(legacy)","status":"Creating batch table `sales_data_exporter_orders_index_batches`. Start position: 0","elapsed":"660 ms","pid":"91708","caller":".\/magento setup:upgrade"} [] []
[2026-03-08T12:14:45.950264+00:00] main.INFO: {"feed":"salesOrders","operation":"full reindex(legacy)","status":"Batch table `sales_data_exporter_orders_index_batches` created. Total Items: 6, batches: ~0","elapsed":"728 ms","pid":"91708","caller":".\/magento setup:upgrade"} [] []
[2026-03-08T12:14:45.950368+00:00] main.INFO: {"feed":"salesOrders","operation":"full reindex(legacy)","status":"start processing `6` items in `1` threads with `100` batch size","elapsed":"729 ms","pid":"91708","caller":".\/magento setup:upgrade"} [] []
[2026-03-08T12:14:45.974178+00:00] main.INFO: {"feed":"salesOrders","operation":"full reindex(legacy)","status":"Progress 1\/1, processed 6, synced 0","elapsed":"752 ms","pid":"91708","caller":".\/magento setup:upgrade"} [] []
[2026-03-08T12:14:45.989080+00:00] main.INFO: {"feed":"salesOrders","operation":"full reindex(legacy)","status":"Complete","elapsed":"767 ms","pid":"91708","caller":".\/magento setup:upgrade"} [] []
[2026-03-08T12:14:46.018423+00:00] main.INFO: {"feed":"salesOrderStatuses","operation":"full reindex(legacy)","status":"Initialize","elapsed":"00:00:00 73 ms","pid":"91708","caller":".\/magento setup:upgrade"} [] []
[2026-03-08T12:14:46.122489+00:00] main.INFO: {"feed":"salesOrderStatuses","operation":"full reindex(legacy)","status":"Creating batch table `sales_data_exporter_order_statuses_index_batches`. Start position: ","elapsed":"00:00:00 178 ms","pid":"91708","caller":".\/magento setup:upgrade"} [] []
[2026-03-08T12:14:46.216591+00:00] main.INFO: {"feed":"salesOrderStatuses","operation":"full reindex(legacy)","status":"Batch table `sales_data_exporter_order_statuses_index_batches` created. Total Items: 12, batches: ~0","elapsed":"00:00:00 272 ms","pid":"91708","caller":".\/magento setup:upgrade"} [] []
[2026-03-08T12:14:46.216715+00:00] main.INFO: {"feed":"salesOrderStatuses","operation":"full reindex(legacy)","status":"start processing `12` items in `1` threads with `100` batch size","elapsed":"00:00:00 272 ms","pid":"91708","caller":".\/magento setup:upgrade"} [] []
[2026-03-08T12:14:46.237762+00:00] main.INFO: {"feed":"salesOrderStatuses","operation":"full reindex(legacy)","status":"Progress 1\/1, processed 12, synced 12","elapsed":"00:00:00 293 ms","pid":"91708","caller":".\/magento setup:upgrade"} [] []
[2026-03-08T12:14:46.241022+00:00] main.INFO: {"feed":"salesOrderStatuses","operation":"full reindex(legacy)","status":"Complete","elapsed":"00:00:00 296 ms","pid":"91708","caller":".\/magento setup:upgrade"} [] []
[2026-03-08T12:14:46.255534+00:00] main.INFO: {"feed":"stores","operation":"full reindex(legacy)","status":"Initialize","elapsed":"00:00:00 548 ms","pid":"91708","caller":".\/magento setup:upgrade"} [] []
[2026-03-08T12:14:46.341049+00:00] main.INFO: {"feed":"stores","operation":"full reindex(legacy)","status":"Creating batch table `stores_data_exporter_index_batches`. Start position: 0","elapsed":"00:00:00 633 ms","pid":"91708","caller":".\/magento setup:upgrade"} [] []
[2026-03-08T12:14:46.398271+00:00] main.INFO: {"feed":"stores","operation":"full reindex(legacy)","status":"Batch table `stores_data_exporter_index_batches` created. Total Items: 1, batches: ~0","elapsed":"00:00:00 690 ms","pid":"91708","caller":".\/magento setup:upgrade"} [] []
[2026-03-08T12:14:46.398378+00:00] main.INFO: {"feed":"stores","operation":"full reindex(legacy)","status":"start processing `1` items in `1` threads with `100` batch size","elapsed":"00:00:00 691 ms","pid":"91708","caller":".\/magento setup:upgrade"} [] []
[2026-03-08T12:14:46.404742+00:00] main.INFO: {"feed":"stores","operation":"full reindex(legacy)","status":"Progress 1\/1, processed 1, synced 1","elapsed":"00:00:00 697 ms","pid":"91708","caller":".\/magento setup:upgrade"} [] []
[2026-03-08T12:14:46.406433+00:00] main.INFO: {"feed":"stores","operation":"full reindex(legacy)","status":"Complete","elapsed":"00:00:00 699 ms","pid":"91708","caller":".\/magento setup:upgrade"} [] []
[2026-03-08T12:15:42.410012+00:00] main.INFO: {"feed":"salesOrders","operation":"full reindex(legacy)","status":"Initialize","elapsed":"00:00:00 857 ms","pid":"91722","caller":".\/magento setup:upgrade"} [] []
[2026-03-08T12:15:42.503829+00:00] main.INFO: {"feed":"salesOrders","operation":"full reindex(legacy)","status":"Creating batch table `sales_data_exporter_orders_index_batches`. Start position: 0","elapsed":"00:00:01 950 ms","pid":"91722","caller":".\/magento setup:upgrade"} [] []
[2026-03-08T12:15:42.533738+00:00] main.INFO: {"feed":"salesOrders","operation":"full reindex(legacy)","status":"Batch table `sales_data_exporter_orders_index_batches` created. Total Items: 6, batches: ~0","elapsed":"00:00:01 980 ms","pid":"91722","caller":".\/magento setup:upgrade"} [] []
[2026-03-08T12:15:42.533839+00:00] main.INFO: {"feed":"salesOrders","operation":"full reindex(legacy)","status":"start processing `6` items in `1` threads with `100` batch size","elapsed":"00:00:01 980 ms","pid":"91722","caller":".\/magento setup:upgrade"} [] []
[2026-03-08T12:15:42.546687+00:00] main.INFO: {"feed":"salesOrders","operation":"full reindex(legacy)","status":"Progress 1\/1, processed 6, synced 0","elapsed":"00:00:01 993 ms","pid":"91722","caller":".\/magento setup:upgrade"} [] []
[2026-03-08T12:15:42.549938+00:00] main.INFO: {"feed":"salesOrders","operation":"full reindex(legacy)","status":"Complete","elapsed":"00:00:01 997 ms","pid":"91722","caller":".\/magento setup:upgrade"} [] []
[2026-03-08T12:15:42.562025+00:00] main.INFO: {"feed":"salesOrderStatuses","operation":"full reindex(legacy)","status":"Initialize","elapsed":"161 ms","pid":"91722","caller":".\/magento setup:upgrade"} [] []
[2026-03-08T12:15:42.644242+00:00] main.INFO: {"feed":"salesOrderStatuses","operation":"full reindex(legacy)","status":"Creating batch table `sales_data_exporter_order_statuses_index_batches`. Start position: ","elapsed":"243 ms","pid":"91722","caller":".\/magento setup:upgrade"} [] []
[2026-03-08T12:15:42.715551+00:00] main.INFO: {"feed":"salesOrderStatuses","operation":"full reindex(legacy)","status":"Batch table `sales_data_exporter_order_statuses_index_batches` created. Total Items: 12, batches: ~0","elapsed":"314 ms","pid":"91722","caller":".\/magento setup:upgrade"} [] []
[2026-03-08T12:15:42.715654+00:00] main.INFO: {"feed":"salesOrderStatuses","operation":"full reindex(legacy)","status":"start processing `12` items in `1` threads with `100` batch size","elapsed":"314 ms","pid":"91722","caller":".\/magento setup:upgrade"} [] []
[2026-03-08T12:15:42.740618+00:00] main.INFO: {"feed":"salesOrderStatuses","operation":"full reindex(legacy)","status":"Progress 1\/1, processed 12, synced 12","elapsed":"339 ms","pid":"91722","caller":".\/magento setup:upgrade"} [] []
[2026-03-08T12:15:42.743120+00:00] main.INFO: {"feed":"salesOrderStatuses","operation":"full reindex(legacy)","status":"Complete","elapsed":"342 ms","pid":"91722","caller":".\/magento setup:upgrade"} [] []
[2026-03-08T12:15:42.756009+00:00] main.INFO: {"feed":"stores","operation":"full reindex(legacy)","status":"Initialize","elapsed":"549 ms","pid":"91722","caller":".\/magento setup:upgrade"} [] []
[2026-03-08T12:15:42.833871+00:00] main.INFO: {"feed":"stores","operation":"full reindex(legacy)","status":"Creating batch table `stores_data_exporter_index_batches`. Start position: 0","elapsed":"627 ms","pid":"91722","caller":".\/magento setup:upgrade"} [] []
[2026-03-08T12:15:42.874702+00:00] main.INFO: {"feed":"stores","operation":"full reindex(legacy)","status":"Batch table `stores_data_exporter_index_batches` created. Total Items: 1, batches: ~0","elapsed":"667 ms","pid":"91722","caller":".\/magento setup:upgrade"} [] []
[2026-03-08T12:15:42.874812+00:00] main.INFO: {"feed":"stores","operation":"full reindex(legacy)","status":"start processing `1` items in `1` threads with `100` batch size","elapsed":"667 ms","pid":"91722","caller":".\/magento setup:upgrade"} [] []
[2026-03-08T12:15:42.896730+00:00] main.INFO: {"feed":"stores","operation":"full reindex(legacy)","status":"Progress 1\/1, processed 1, synced 1","elapsed":"689 ms","pid":"91722","caller":".\/magento setup:upgrade"} [] []
[2026-03-08T12:15:42.899174+00:00] main.INFO: {"feed":"stores","operation":"full reindex(legacy)","status":"Complete","elapsed":"692 ms","pid":"91722","caller":".\/magento setup:upgrade"} [] []
[2026-03-08T12:27:10.680019+00:00] main.INFO: {"feed":"salesOrders","operation":"full reindex(legacy)","status":"Initialize","elapsed":"397 ms","pid":"92019","caller":".\/magento setup:upgrade"} [] []
[2026-03-08T12:27:10.865950+00:00] main.INFO: {"feed":"salesOrders","operation":"full reindex(legacy)","status":"Creating batch table `sales_data_exporter_orders_index_batches`. Start position: 0","elapsed":"583 ms","pid":"92019","caller":".\/magento setup:upgrade"} [] []
[2026-03-08T12:27:10.960933+00:00] main.INFO: {"feed":"salesOrders","operation":"full reindex(legacy)","status":"Batch table `sales_data_exporter_orders_index_batches` created. Total Items: 6, batches: ~0","elapsed":"678 ms","pid":"92019","caller":".\/magento setup:upgrade"} [] []
[2026-03-08T12:27:10.961054+00:00] main.INFO: {"feed":"salesOrders","operation":"full reindex(legacy)","status":"start processing `6` items in `1` threads with `100` batch size","elapsed":"678 ms","pid":"92019","caller":".\/magento setup:upgrade"} [] []
[2026-03-08T12:27:10.973853+00:00] main.INFO: {"feed":"salesOrders","operation":"full reindex(legacy)","status":"Progress 1\/1, processed 6, synced 0","elapsed":"691 ms","pid":"92019","caller":".\/magento setup:upgrade"} [] []
[2026-03-08T12:27:10.976685+00:00] main.INFO: {"feed":"salesOrders","operation":"full reindex(legacy)","status":"Complete","elapsed":"693 ms","pid":"92019","caller":".\/magento setup:upgrade"} [] []
[2026-03-08T12:27:11.019834+00:00] main.INFO: {"feed":"salesOrderStatuses","operation":"full reindex(legacy)","status":"Initialize","elapsed":"00:00:00 76 ms","pid":"92019","caller":".\/magento setup:upgrade"} [] []
[2026-03-08T12:27:11.304615+00:00] main.INFO: {"feed":"salesOrderStatuses","operation":"full reindex(legacy)","status":"Creating batch table `sales_data_exporter_order_statuses_index_batches`. Start position: ","elapsed":"00:00:00 361 ms","pid":"92019","caller":".\/magento setup:upgrade"} [] []
[2026-03-08T12:27:11.632643+00:00] main.INFO: {"feed":"salesOrderStatuses","operation":"full reindex(legacy)","status":"Batch table `sales_data_exporter_order_statuses_index_batches` created. Total Items: 12, batches: ~0","elapsed":"00:00:01 689 ms","pid":"92019","caller":".\/magento setup:upgrade"} [] []
[2026-03-08T12:27:11.632808+00:00] main.INFO: {"feed":"salesOrderStatuses","operation":"full reindex(legacy)","status":"start processing `12` items in `1` threads with `100` batch size","elapsed":"00:00:01 689 ms","pid":"92019","caller":".\/magento setup:upgrade"} [] []
[2026-03-08T12:27:11.658234+00:00] main.INFO: {"feed":"salesOrderStatuses","operation":"full reindex(legacy)","status":"Progress 1\/1, processed 12, synced 12","elapsed":"00:00:01 715 ms","pid":"92019","caller":".\/magento setup:upgrade"} [] []
[2026-03-08T12:27:11.672449+00:00] main.INFO: {"feed":"salesOrderStatuses","operation":"full reindex(legacy)","status":"Complete","elapsed":"00:00:01 729 ms","pid":"92019","caller":".\/magento setup:upgrade"} [] []
[2026-03-08T12:27:11.693902+00:00] main.INFO: {"feed":"stores","operation":"full reindex(legacy)","status":"Initialize","elapsed":"424 ms","pid":"92019","caller":".\/magento setup:upgrade"} [] []
[2026-03-08T12:27:11.838149+00:00] main.INFO: {"feed":"stores","operation":"full reindex(legacy)","status":"Creating batch table `stores_data_exporter_index_batches`. Start position: 0","elapsed":"569 ms","pid":"92019","caller":".\/magento setup:upgrade"} [] []
[2026-03-08T12:27:11.934688+00:00] main.INFO: {"feed":"stores","operation":"full reindex(legacy)","status":"Batch table `stores_data_exporter_index_batches` created. Total Items: 1, batches: ~0","elapsed":"665 ms","pid":"92019","caller":".\/magento setup:upgrade"} [] []
[2026-03-08T12:27:11.934819+00:00] main.INFO: {"feed":"stores","operation":"full reindex(legacy)","status":"start processing `1` items in `1` threads with `100` batch size","elapsed":"665 ms","pid":"92019","caller":".\/magento setup:upgrade"} [] []
[2026-03-08T12:27:11.986453+00:00] main.INFO: {"feed":"stores","operation":"full reindex(legacy)","status":"Progress 1\/1, processed 1, synced 1","elapsed":"717 ms","pid":"92019","caller":".\/magento setup:upgrade"} [] []
[2026-03-08T12:27:11.990010+00:00] main.INFO: {"feed":"stores","operation":"full reindex(legacy)","status":"Complete","elapsed":"721 ms","pid":"92019","caller":".\/magento setup:upgrade"} [] []
[2026-03-08T12:37:33.759434+00:00] main.INFO: {"feed":"salesOrders","operation":"full reindex(legacy)","status":"Initialize","elapsed":"556 ms","pid":"92356","caller":".\/magento setup:upgrade"} [] []
[2026-03-08T12:37:33.904089+00:00] main.INFO: {"feed":"salesOrders","operation":"full reindex(legacy)","status":"Creating batch table `sales_data_exporter_orders_index_batches`. Start position: 0","elapsed":"700 ms","pid":"92356","caller":".\/magento setup:upgrade"} [] []
[2026-03-08T12:37:33.963908+00:00] main.INFO: {"feed":"salesOrders","operation":"full reindex(legacy)","status":"Batch table `sales_data_exporter_orders_index_batches` created. Total Items: 6, batches: ~0","elapsed":"760 ms","pid":"92356","caller":".\/magento setup:upgrade"} [] []
[2026-03-08T12:37:33.964041+00:00] main.INFO: {"feed":"salesOrders","operation":"full reindex(legacy)","status":"start processing `6` items in `1` threads with `100` batch size","elapsed":"760 ms","pid":"92356","caller":".\/magento setup:upgrade"} [] []
[2026-03-08T12:37:33.990864+00:00] main.INFO: {"feed":"salesOrders","operation":"full reindex(legacy)","status":"Progress 1\/1, processed 6, synced 0","elapsed":"787 ms","pid":"92356","caller":".\/magento setup:upgrade"} [] []
[2026-03-08T12:37:33.994187+00:00] main.INFO: {"feed":"salesOrders","operation":"full reindex(legacy)","status":"Complete","elapsed":"790 ms","pid":"92356","caller":".\/magento setup:upgrade"} [] []
[2026-03-08T12:37:34.015257+00:00] main.INFO: {"feed":"salesOrderStatuses","operation":"full reindex(legacy)","status":"Initialize","elapsed":"00:00:00 67 ms","pid":"92356","caller":".\/magento setup:upgrade"} [] []
[2026-03-08T12:37:34.119788+00:00] main.INFO: {"feed":"salesOrderStatuses","operation":"full reindex(legacy)","status":"Creating batch table `sales_data_exporter_order_statuses_index_batches`. Start position: ","elapsed":"00:00:00 172 ms","pid":"92356","caller":".\/magento setup:upgrade"} [] []
[2026-03-08T12:37:34.166287+00:00] main.INFO: {"feed":"salesOrderStatuses","operation":"full reindex(legacy)","status":"Batch table `sales_data_exporter_order_statuses_index_batches` created. Total Items: 12, batches: ~0","elapsed":"00:00:00 218 ms","pid":"92356","caller":".\/magento setup:upgrade"} [] []
[2026-03-08T12:37:34.166435+00:00] main.INFO: {"feed":"salesOrderStatuses","operation":"full reindex(legacy)","status":"start processing `12` items in `1` threads with `100` batch size","elapsed":"00:00:00 218 ms","pid":"92356","caller":".\/magento setup:upgrade"} [] []
[2026-03-08T12:37:34.176505+00:00] main.INFO: {"feed":"salesOrderStatuses","operation":"full reindex(legacy)","status":"Progress 1\/1, processed 12, synced 12","elapsed":"00:00:00 228 ms","pid":"92356","caller":".\/magento setup:upgrade"} [] []
[2026-03-08T12:37:34.179023+00:00] main.INFO: {"feed":"salesOrderStatuses","operation":"full reindex(legacy)","status":"Complete","elapsed":"00:00:00 231 ms","pid":"92356","caller":".\/magento setup:upgrade"} [] []
[2026-03-08T12:37:34.191454+00:00] main.INFO: {"feed":"stores","operation":"full reindex(legacy)","status":"Initialize","elapsed":"00:00:00 420 ms","pid":"92356","caller":".\/magento setup:upgrade"} [] []
[2026-03-08T12:37:34.252078+00:00] main.INFO: {"feed":"stores","operation":"full reindex(legacy)","status":"Creating batch table `stores_data_exporter_index_batches`. Start position: 0","elapsed":"00:00:00 480 ms","pid":"92356","caller":".\/magento setup:upgrade"} [] []
[2026-03-08T12:37:34.297519+00:00] main.INFO: {"feed":"stores","operation":"full reindex(legacy)","status":"Batch table `stores_data_exporter_index_batches` created. Total Items: 1, batches: ~0","elapsed":"00:00:00 526 ms","pid":"92356","caller":".\/magento setup:upgrade"} [] []
[2026-03-08T12:37:34.297686+00:00] main.INFO: {"feed":"stores","operation":"full reindex(legacy)","status":"start processing `1` items in `1` threads with `100` batch size","elapsed":"00:00:00 526 ms","pid":"92356","caller":".\/magento setup:upgrade"} [] []
[2026-03-08T12:37:34.310555+00:00] main.INFO: {"feed":"stores","operation":"full reindex(legacy)","status":"Progress 1\/1, processed 1, synced 1","elapsed":"00:00:00 539 ms","pid":"92356","caller":".\/magento setup:upgrade"} [] []
[2026-03-08T12:37:34.313202+00:00] main.INFO: {"feed":"stores","operation":"full reindex(legacy)","status":"Complete","elapsed":"00:00:00 541 ms","pid":"92356","caller":".\/magento setup:upgrade"} [] []
[2026-03-08T12:38:07.136861+00:00] main.INFO: {"feed":"salesOrders","operation":"full reindex(legacy)","status":"Initialize","elapsed":"00:00:00 310 ms","pid":"92373","caller":".\/magento setup:upgrade"} [] []
[2026-03-08T12:38:07.225513+00:00] main.INFO: {"feed":"salesOrders","operation":"full reindex(legacy)","status":"Creating batch table `sales_data_exporter_orders_index_batches`. Start position: 0","elapsed":"00:00:00 399 ms","pid":"92373","caller":".\/magento setup:upgrade"} [] []
[2026-03-08T12:38:07.266697+00:00] main.INFO: {"feed":"salesOrders","operation":"full reindex(legacy)","status":"Batch table `sales_data_exporter_orders_index_batches` created. Total Items: 6, batches: ~0","elapsed":"00:00:00 440 ms","pid":"92373","caller":".\/magento setup:upgrade"} [] []
[2026-03-08T12:38:07.266831+00:00] main.INFO: {"feed":"salesOrders","operation":"full reindex(legacy)","status":"start processing `6` items in `1` threads with `100` batch size","elapsed":"00:00:00 440 ms","pid":"92373","caller":".\/magento setup:upgrade"} [] []
[2026-03-08T12:38:07.281079+00:00] main.INFO: {"feed":"salesOrders","operation":"full reindex(legacy)","status":"Progress 1\/1, processed 6, synced 0","elapsed":"00:00:00 455 ms","pid":"92373","caller":".\/magento setup:upgrade"} [] []
[2026-03-08T12:38:07.287476+00:00] main.INFO: {"feed":"salesOrders","operation":"full reindex(legacy)","status":"Complete","elapsed":"00:00:00 461 ms","pid":"92373","caller":".\/magento setup:upgrade"} [] []
[2026-03-08T12:38:07.311743+00:00] main.INFO: {"feed":"salesOrderStatuses","operation":"full reindex(legacy)","status":"Initialize","elapsed":"00:00:00 660 ms","pid":"92373","caller":".\/magento setup:upgrade"} [] []
[2026-03-08T12:38:07.368517+00:00] main.INFO: {"feed":"salesOrderStatuses","operation":"full reindex(legacy)","status":"Creating batch table `sales_data_exporter_order_statuses_index_batches`. Start position: ","elapsed":"00:00:00 717 ms","pid":"92373","caller":".\/magento setup:upgrade"} [] []
[2026-03-08T12:38:07.410488+00:00] main.INFO: {"feed":"salesOrderStatuses","operation":"full reindex(legacy)","status":"Batch table `sales_data_exporter_order_statuses_index_batches` created. Total Items: 12, batches: ~0","elapsed":"00:00:00 759 ms","pid":"92373","caller":".\/magento setup:upgrade"} [] []
[2026-03-08T12:38:07.410623+00:00] main.INFO: {"feed":"salesOrderStatuses","operation":"full reindex(legacy)","status":"start processing `12` items in `1` threads with `100` batch size","elapsed":"00:00:00 759 ms","pid":"92373","caller":".\/magento setup:upgrade"} [] []
[2026-03-08T12:38:07.418139+00:00] main.INFO: {"feed":"salesOrderStatuses","operation":"full reindex(legacy)","status":"Progress 1\/1, processed 12, synced 12","elapsed":"00:00:00 767 ms","pid":"92373","caller":".\/magento setup:upgrade"} [] []
[2026-03-08T12:38:07.420585+00:00] main.INFO: {"feed":"salesOrderStatuses","operation":"full reindex(legacy)","status":"Complete","elapsed":"00:00:00 769 ms","pid":"92373","caller":".\/magento setup:upgrade"} [] []
[2026-03-08T12:38:07.435712+00:00] main.INFO: {"feed":"stores","operation":"full reindex(legacy)","status":"Initialize","elapsed":"00:00:00 908 ms","pid":"92373","caller":".\/magento setup:upgrade"} [] []
[2026-03-08T12:38:07.505569+00:00] main.INFO: {"feed":"stores","operation":"full reindex(legacy)","status":"Creating batch table `stores_data_exporter_index_batches`. Start position: 0","elapsed":"00:00:01 978 ms","pid":"92373","caller":".\/magento setup:upgrade"} [] []
[2026-03-08T12:38:07.547058+00:00] main.INFO: {"feed":"stores","operation":"full reindex(legacy)","status":"Batch table `stores_data_exporter_index_batches` created. Total Items: 1, batches: ~0","elapsed":"00:00:01 19 ms","pid":"92373","caller":".\/magento setup:upgrade"} [] []
[2026-03-08T12:38:07.547211+00:00] main.INFO: {"feed":"stores","operation":"full reindex(legacy)","status":"start processing `1` items in `1` threads with `100` batch size","elapsed":"00:00:01 20 ms","pid":"92373","caller":".\/magento setup:upgrade"} [] []
[2026-03-08T12:38:07.555786+00:00] main.INFO: {"feed":"stores","operation":"full reindex(legacy)","status":"Progress 1\/1, processed 1, synced 1","elapsed":"00:00:01 28 ms","pid":"92373","caller":".\/magento setup:upgrade"} [] []
[2026-03-08T12:38:07.558395+00:00] main.INFO: {"feed":"stores","operation":"full reindex(legacy)","status":"Complete","elapsed":"00:00:01 31 ms","pid":"92373","caller":".\/magento setup:upgrade"} [] []
[2026-03-08T12:38:54.952353+00:00] main.INFO: {"feed":"salesOrders","operation":"full reindex(legacy)","status":"Initialize","elapsed":"941 ms","pid":"92396","caller":".\/magento setup:upgrade"} [] []
[2026-03-08T12:38:55.040171+00:00] main.INFO: {"feed":"salesOrders","operation":"full reindex(legacy)","status":"Creating batch table `sales_data_exporter_orders_index_batches`. Start position: 0","elapsed":"00:00:00 29 ms","pid":"92396","caller":".\/magento setup:upgrade"} [] []
[2026-03-08T12:38:55.089647+00:00] main.INFO: {"feed":"salesOrders","operation":"full reindex(legacy)","status":"Batch table `sales_data_exporter_orders_index_batches` created. Total Items: 6, batches: ~0","elapsed":"00:00:00 79 ms","pid":"92396","caller":".\/magento setup:upgrade"} [] []
[2026-03-08T12:38:55.089784+00:00] main.INFO: {"feed":"salesOrders","operation":"full reindex(legacy)","status":"start processing `6` items in `1` threads with `100` batch size","elapsed":"00:00:00 79 ms","pid":"92396","caller":".\/magento setup:upgrade"} [] []
[2026-03-08T12:38:55.114680+00:00] main.INFO: {"feed":"salesOrders","operation":"full reindex(legacy)","status":"Progress 1\/1, processed 6, synced 0","elapsed":"00:00:00 104 ms","pid":"92396","caller":".\/magento setup:upgrade"} [] []
[2026-03-08T12:38:55.117381+00:00] main.INFO: {"feed":"salesOrders","operation":"full reindex(legacy)","status":"Complete","elapsed":"00:00:00 106 ms","pid":"92396","caller":".\/magento setup:upgrade"} [] []
[2026-03-08T12:38:55.140594+00:00] main.INFO: {"feed":"salesOrderStatuses","operation":"full reindex(legacy)","status":"Initialize","elapsed":"00:00:00 318 ms","pid":"92396","caller":".\/magento setup:upgrade"} [] []
[2026-03-08T12:38:55.256464+00:00] main.INFO: {"feed":"salesOrderStatuses","operation":"full reindex(legacy)","status":"Creating batch table `sales_data_exporter_order_statuses_index_batches`. Start position: ","elapsed":"00:00:00 434 ms","pid":"92396","caller":".\/magento setup:upgrade"} [] []
[2026-03-08T12:38:55.307724+00:00] main.INFO: {"feed":"salesOrderStatuses","operation":"full reindex(legacy)","status":"Batch table `sales_data_exporter_order_statuses_index_batches` created. Total Items: 12, batches: ~0","elapsed":"00:00:00 485 ms","pid":"92396","caller":".\/magento setup:upgrade"} [] []
[2026-03-08T12:38:55.307851+00:00] main.INFO: {"feed":"salesOrderStatuses","operation":"full reindex(legacy)","status":"start processing `12` items in `1` threads with `100` batch size","elapsed":"00:00:00 485 ms","pid":"92396","caller":".\/magento setup:upgrade"} [] []
[2026-03-08T12:38:55.314724+00:00] main.INFO: {"feed":"salesOrderStatuses","operation":"full reindex(legacy)","status":"Progress 1\/1, processed 12, synced 12","elapsed":"00:00:00 492 ms","pid":"92396","caller":".\/magento setup:upgrade"} [] []
[2026-03-08T12:38:55.317046+00:00] main.INFO: {"feed":"salesOrderStatuses","operation":"full reindex(legacy)","status":"Complete","elapsed":"00:00:00 494 ms","pid":"92396","caller":".\/magento setup:upgrade"} [] []
[2026-03-08T12:38:55.328590+00:00] main.INFO: {"feed":"stores","operation":"full reindex(legacy)","status":"Initialize","elapsed":"00:00:00 694 ms","pid":"92396","caller":".\/magento setup:upgrade"} [] []
[2026-03-08T12:38:55.407807+00:00] main.INFO: {"feed":"stores","operation":"full reindex(legacy)","status":"Creating batch table `stores_data_exporter_index_batches`. Start position: 0","elapsed":"00:00:00 773 ms","pid":"92396","caller":".\/magento setup:upgrade"} [] []
[2026-03-08T12:38:55.480514+00:00] main.INFO: {"feed":"stores","operation":"full reindex(legacy)","status":"Batch table `stores_data_exporter_index_batches` created. Total Items: 1, batches: ~0","elapsed":"00:00:00 846 ms","pid":"92396","caller":".\/magento setup:upgrade"} [] []
[2026-03-08T12:38:55.480656+00:00] main.INFO: {"feed":"stores","operation":"full reindex(legacy)","status":"start processing `1` items in `1` threads with `100` batch size","elapsed":"00:00:00 846 ms","pid":"92396","caller":".\/magento setup:upgrade"} [] []
[2026-03-08T12:38:55.490687+00:00] main.INFO: {"feed":"stores","operation":"full reindex(legacy)","status":"Progress 1\/1, processed 1, synced 1","elapsed":"00:00:01 856 ms","pid":"92396","caller":".\/magento setup:upgrade"} [] []
[2026-03-08T12:38:55.493257+00:00] main.INFO: {"feed":"stores","operation":"full reindex(legacy)","status":"Complete","elapsed":"00:00:01 858 ms","pid":"92396","caller":".\/magento setup:upgrade"} [] []
[2026-03-08T12:43:42.568659+00:00] main.INFO: {"feed":"salesOrders","operation":"full reindex(legacy)","status":"Initialize","elapsed":"174 ms","pid":"92569","caller":".\/magento setup:upgrade"} [] []
[2026-03-08T12:43:42.699005+00:00] main.INFO: {"feed":"salesOrders","operation":"full reindex(legacy)","status":"Creating batch table `sales_data_exporter_orders_index_batches`. Start position: 0","elapsed":"304 ms","pid":"92569","caller":".\/magento setup:upgrade"} [] []
[2026-03-08T12:43:42.757683+00:00] main.INFO: {"feed":"salesOrders","operation":"full reindex(legacy)","status":"Batch table `sales_data_exporter_orders_index_batches` created. Total Items: 6, batches: ~0","elapsed":"363 ms","pid":"92569","caller":".\/magento setup:upgrade"} [] []
[2026-03-08T12:43:42.757820+00:00] main.INFO: {"feed":"salesOrders","operation":"full reindex(legacy)","status":"start processing `6` items in `1` threads with `100` batch size","elapsed":"363 ms","pid":"92569","caller":".\/magento setup:upgrade"} [] []
[2026-03-08T12:43:42.790194+00:00] main.INFO: {"feed":"salesOrders","operation":"full reindex(legacy)","status":"Progress 1\/1, processed 6, synced 0","elapsed":"395 ms","pid":"92569","caller":".\/magento setup:upgrade"} [] []
[2026-03-08T12:43:42.792886+00:00] main.INFO: {"feed":"salesOrders","operation":"full reindex(legacy)","status":"Complete","elapsed":"398 ms","pid":"92569","caller":".\/magento setup:upgrade"} [] []
[2026-03-08T12:43:42.807414+00:00] main.INFO: {"feed":"salesOrderStatuses","operation":"full reindex(legacy)","status":"Initialize","elapsed":"651 ms","pid":"92569","caller":".\/magento setup:upgrade"} [] []
[2026-03-08T12:43:42.958635+00:00] main.INFO: {"feed":"salesOrderStatuses","operation":"full reindex(legacy)","status":"Creating batch table `sales_data_exporter_order_statuses_index_batches`. Start position: ","elapsed":"803 ms","pid":"92569","caller":".\/magento setup:upgrade"} [] []
[2026-03-08T12:43:43.060257+00:00] main.INFO: {"feed":"salesOrderStatuses","operation":"full reindex(legacy)","status":"Batch table `sales_data_exporter_order_statuses_index_batches` created. Total Items: 12, batches: ~0","elapsed":"904 ms","pid":"92569","caller":".\/magento setup:upgrade"} [] []
[2026-03-08T12:43:43.060377+00:00] main.INFO: {"feed":"salesOrderStatuses","operation":"full reindex(legacy)","status":"start processing `12` items in `1` threads with `100` batch size","elapsed":"904 ms","pid":"92569","caller":".\/magento setup:upgrade"} [] []
[2026-03-08T12:43:43.080297+00:00] main.INFO: {"feed":"salesOrderStatuses","operation":"full reindex(legacy)","status":"Progress 1\/1, processed 12, synced 12","elapsed":"924 ms","pid":"92569","caller":".\/magento setup:upgrade"} [] []
[2026-03-08T12:43:43.083160+00:00] main.INFO: {"feed":"salesOrderStatuses","operation":"full reindex(legacy)","status":"Complete","elapsed":"927 ms","pid":"92569","caller":".\/magento setup:upgrade"} [] []
[2026-03-08T12:43:43.101198+00:00] main.INFO: {"feed":"stores","operation":"full reindex(legacy)","status":"Initialize","elapsed":"00:00:00 239 ms","pid":"92569","caller":".\/magento setup:upgrade"} [] []
[2026-03-08T12:43:43.231326+00:00] main.INFO: {"feed":"stores","operation":"full reindex(legacy)","status":"Creating batch table `stores_data_exporter_index_batches`. Start position: 0","elapsed":"00:00:00 369 ms","pid":"92569","caller":".\/magento setup:upgrade"} [] []
[2026-03-08T12:43:43.279288+00:00] main.INFO: {"feed":"stores","operation":"full reindex(legacy)","status":"Batch table `stores_data_exporter_index_batches` created. Total Items: 1, batches: ~0","elapsed":"00:00:00 417 ms","pid":"92569","caller":".\/magento setup:upgrade"} [] []
[2026-03-08T12:43:43.279422+00:00] main.INFO: {"feed":"stores","operation":"full reindex(legacy)","status":"start processing `1` items in `1` threads with `100` batch size","elapsed":"00:00:00 417 ms","pid":"92569","caller":".\/magento setup:upgrade"} [] []
[2026-03-08T12:43:43.303934+00:00] main.INFO: {"feed":"stores","operation":"full reindex(legacy)","status":"Progress 1\/1, processed 1, synced 1","elapsed":"00:00:00 442 ms","pid":"92569","caller":".\/magento setup:upgrade"} [] []
[2026-03-08T12:43:43.309621+00:00] main.INFO: {"feed":"stores","operation":"full reindex(legacy)","status":"Complete","elapsed":"00:00:00 447 ms","pid":"92569","caller":".\/magento setup:upgrade"} [] []
[2026-03-08T12:51:58.558109+00:00] main.INFO: {"feed":"salesOrders","operation":"full reindex(legacy)","status":"Initialize","elapsed":"153 ms","pid":"92918","caller":".\/magento setup:upgrade"} [] []
[2026-03-08T12:51:58.680587+00:00] main.INFO: {"feed":"salesOrders","operation":"full reindex(legacy)","status":"Creating batch table `sales_data_exporter_orders_index_batches`. Start position: 0","elapsed":"275 ms","pid":"92918","caller":".\/magento setup:upgrade"} [] []
[2026-03-08T12:51:58.767800+00:00] main.INFO: {"feed":"salesOrders","operation":"full reindex(legacy)","status":"Batch table `sales_data_exporter_orders_index_batches` created. Total Items: 6, batches: ~0","elapsed":"363 ms","pid":"92918","caller":".\/magento setup:upgrade"} [] []
[2026-03-08T12:51:58.767908+00:00] main.INFO: {"feed":"salesOrders","operation":"full reindex(legacy)","status":"start processing `6` items in `1` threads with `100` batch size","elapsed":"363 ms","pid":"92918","caller":".\/magento setup:upgrade"} [] []
[2026-03-08T12:51:58.785125+00:00] main.INFO: {"feed":"salesOrders","operation":"full reindex(legacy)","status":"Progress 1\/1, processed 6, synced 0","elapsed":"380 ms","pid":"92918","caller":".\/magento setup:upgrade"} [] []
[2026-03-08T12:51:58.787727+00:00] main.INFO: {"feed":"salesOrders","operation":"full reindex(legacy)","status":"Complete","elapsed":"382 ms","pid":"92918","caller":".\/magento setup:upgrade"} [] []
[2026-03-08T12:51:58.806960+00:00] main.INFO: {"feed":"salesOrderStatuses","operation":"full reindex(legacy)","status":"Initialize","elapsed":"651 ms","pid":"92918","caller":".\/magento setup:upgrade"} [] []
[2026-03-08T12:51:58.861770+00:00] main.INFO: {"feed":"salesOrderStatuses","operation":"full reindex(legacy)","status":"Creating batch table `sales_data_exporter_order_statuses_index_batches`. Start position: ","elapsed":"705 ms","pid":"92918","caller":".\/magento setup:upgrade"} [] []
[2026-03-08T12:51:58.909779+00:00] main.INFO: {"feed":"salesOrderStatuses","operation":"full reindex(legacy)","status":"Batch table `sales_data_exporter_order_statuses_index_batches` created. Total Items: 12, batches: ~0","elapsed":"753 ms","pid":"92918","caller":".\/magento setup:upgrade"} [] []
[2026-03-08T12:51:58.909876+00:00] main.INFO: {"feed":"salesOrderStatuses","operation":"full reindex(legacy)","status":"start processing `12` items in `1` threads with `100` batch size","elapsed":"753 ms","pid":"92918","caller":".\/magento setup:upgrade"} [] []
[2026-03-08T12:51:58.916745+00:00] main.INFO: {"feed":"salesOrderStatuses","operation":"full reindex(legacy)","status":"Progress 1\/1, processed 12, synced 12","elapsed":"760 ms","pid":"92918","caller":".\/magento setup:upgrade"} [] []
[2026-03-08T12:51:58.918918+00:00] main.INFO: {"feed":"salesOrderStatuses","operation":"full reindex(legacy)","status":"Complete","elapsed":"763 ms","pid":"92918","caller":".\/magento setup:upgrade"} [] []
[2026-03-08T12:51:58.929656+00:00] main.INFO: {"feed":"stores","operation":"full reindex(legacy)","status":"Initialize","elapsed":"896 ms","pid":"92918","caller":".\/magento setup:upgrade"} [] []
[2026-03-08T12:51:59.046639+00:00] main.INFO: {"feed":"stores","operation":"full reindex(legacy)","status":"Creating batch table `stores_data_exporter_index_batches`. Start position: 0","elapsed":"00:00:00 13 ms","pid":"92918","caller":".\/magento setup:upgrade"} [] []
[2026-03-08T12:51:59.102726+00:00] main.INFO: {"feed":"stores","operation":"full reindex(legacy)","status":"Batch table `stores_data_exporter_index_batches` created. Total Items: 1, batches: ~0","elapsed":"00:00:00 69 ms","pid":"92918","caller":".\/magento setup:upgrade"} [] []
[2026-03-08T12:51:59.102843+00:00] main.INFO: {"feed":"stores","operation":"full reindex(legacy)","status":"start processing `1` items in `1` threads with `100` batch size","elapsed":"00:00:00 69 ms","pid":"92918","caller":".\/magento setup:upgrade"} [] []
[2026-03-08T12:51:59.110839+00:00] main.INFO: {"feed":"stores","operation":"full reindex(legacy)","status":"Progress 1\/1, processed 1, synced 1","elapsed":"00:00:00 77 ms","pid":"92918","caller":".\/magento setup:upgrade"} [] []
[2026-03-08T12:51:59.113531+00:00] main.INFO: {"feed":"stores","operation":"full reindex(legacy)","status":"Complete","elapsed":"00:00:00 80 ms","pid":"92918","caller":".\/magento setup:upgrade"} [] []
[2026-03-08T12:54:04.599064+00:00] main.INFO: {"feed":"salesOrders","operation":"full reindex(legacy)","status":"Initialize","elapsed":"235 ms","pid":"93051","caller":".\/magento setup:upgrade"} [] []
[2026-03-08T12:54:04.677637+00:00] main.INFO: {"feed":"salesOrders","operation":"full reindex(legacy)","status":"Creating batch table `sales_data_exporter_orders_index_batches`. Start position: 0","elapsed":"313 ms","pid":"93051","caller":".\/magento setup:upgrade"} [] []
[2026-03-08T12:54:04.722080+00:00] main.INFO: {"feed":"salesOrders","operation":"full reindex(legacy)","status":"Batch table `sales_data_exporter_orders_index_batches` created. Total Items: 6, batches: ~0","elapsed":"358 ms","pid":"93051","caller":".\/magento setup:upgrade"} [] []
[2026-03-08T12:54:04.722313+00:00] main.INFO: {"feed":"salesOrders","operation":"full reindex(legacy)","status":"start processing `6` items in `1` threads with `100` batch size","elapsed":"358 ms","pid":"93051","caller":".\/magento setup:upgrade"} [] []
[2026-03-08T12:54:04.738070+00:00] main.INFO: {"feed":"salesOrders","operation":"full reindex(legacy)","status":"Progress 1\/1, processed 6, synced 0","elapsed":"374 ms","pid":"93051","caller":".\/magento setup:upgrade"} [] []
[2026-03-08T12:54:04.742286+00:00] main.INFO: {"feed":"salesOrders","operation":"full reindex(legacy)","status":"Complete","elapsed":"378 ms","pid":"93051","caller":".\/magento setup:upgrade"} [] []
[2026-03-08T12:54:04.762785+00:00] main.INFO: {"feed":"salesOrderStatuses","operation":"full reindex(legacy)","status":"Initialize","elapsed":"562 ms","pid":"93051","caller":".\/magento setup:upgrade"} [] []
[2026-03-08T12:54:04.824547+00:00] main.INFO: {"feed":"salesOrderStatuses","operation":"full reindex(legacy)","status":"Creating batch table `sales_data_exporter_order_statuses_index_batches`. Start position: ","elapsed":"624 ms","pid":"93051","caller":".\/magento setup:upgrade"} [] []
[2026-03-08T12:54:04.865197+00:00] main.INFO: {"feed":"salesOrderStatuses","operation":"full reindex(legacy)","status":"Batch table `sales_data_exporter_order_statuses_index_batches` created. Total Items: 12, batches: ~0","elapsed":"665 ms","pid":"93051","caller":".\/magento setup:upgrade"} [] []
[2026-03-08T12:54:04.865486+00:00] main.INFO: {"feed":"salesOrderStatuses","operation":"full reindex(legacy)","status":"start processing `12` items in `1` threads with `100` batch size","elapsed":"665 ms","pid":"93051","caller":".\/magento setup:upgrade"} [] []
[2026-03-08T12:54:04.874714+00:00] main.INFO: {"feed":"salesOrderStatuses","operation":"full reindex(legacy)","status":"Progress 1\/1, processed 12, synced 12","elapsed":"674 ms","pid":"93051","caller":".\/magento setup:upgrade"} [] []
[2026-03-08T12:54:04.877988+00:00] main.INFO: {"feed":"salesOrderStatuses","operation":"full reindex(legacy)","status":"Complete","elapsed":"677 ms","pid":"93051","caller":".\/magento setup:upgrade"} [] []
[2026-03-08T12:54:04.893137+00:00] main.INFO: {"feed":"stores","operation":"full reindex(legacy)","status":"Initialize","elapsed":"823 ms","pid":"93051","caller":".\/magento setup:upgrade"} [] []
[2026-03-08T12:54:04.955478+00:00] main.INFO: {"feed":"stores","operation":"full reindex(legacy)","status":"Creating batch table `stores_data_exporter_index_batches`. Start position: 0","elapsed":"885 ms","pid":"93051","caller":".\/magento setup:upgrade"} [] []
[2026-03-08T12:54:05.008760+00:00] main.INFO: {"feed":"stores","operation":"full reindex(legacy)","status":"Batch table `stores_data_exporter_index_batches` created. Total Items: 1, batches: ~0","elapsed":"938 ms","pid":"93051","caller":".\/magento setup:upgrade"} [] []
[2026-03-08T12:54:05.009034+00:00] main.INFO: {"feed":"stores","operation":"full reindex(legacy)","status":"start processing `1` items in `1` threads with `100` batch size","elapsed":"939 ms","pid":"93051","caller":".\/magento setup:upgrade"} [] []
[2026-03-08T12:54:05.022257+00:00] main.INFO: {"feed":"stores","operation":"full reindex(legacy)","status":"Progress 1\/1, processed 1, synced 1","elapsed":"952 ms","pid":"93051","caller":".\/magento setup:upgrade"} [] []
[2026-03-08T12:54:05.025883+00:00] main.INFO: {"feed":"stores","operation":"full reindex(legacy)","status":"Complete","elapsed":"956 ms","pid":"93051","caller":".\/magento setup:upgrade"} [] []
[2026-03-08T13:13:19.808579+00:00] main.INFO: {"feed":"salesOrders","operation":"full reindex(legacy)","status":"Initialize","elapsed":"654 ms","pid":"93937","caller":".\/magento setup:upgrade"} [] []
[2026-03-08T13:13:19.855972+00:00] main.INFO: {"feed":"salesOrders","operation":"full reindex(legacy)","status":"Creating batch table `sales_data_exporter_orders_index_batches`. Start position: 0","elapsed":"701 ms","pid":"93937","caller":".\/magento setup:upgrade"} [] []
[2026-03-08T13:13:19.893656+00:00] main.INFO: {"feed":"salesOrders","operation":"full reindex(legacy)","status":"Batch table `sales_data_exporter_orders_index_batches` created. Total Items: 6, batches: ~0","elapsed":"739 ms","pid":"93937","caller":".\/magento setup:upgrade"} [] []
[2026-03-08T13:13:19.893924+00:00] main.INFO: {"feed":"salesOrders","operation":"full reindex(legacy)","status":"start processing `6` items in `1` threads with `100` batch size","elapsed":"739 ms","pid":"93937","caller":".\/magento setup:upgrade"} [] []
[2026-03-08T13:13:19.911925+00:00] main.INFO: {"feed":"salesOrders","operation":"full reindex(legacy)","status":"Progress 1\/1, processed 6, synced 0","elapsed":"757 ms","pid":"93937","caller":".\/magento setup:upgrade"} [] []
[2026-03-08T13:13:19.914679+00:00] main.INFO: {"feed":"salesOrders","operation":"full reindex(legacy)","status":"Complete","elapsed":"760 ms","pid":"93937","caller":".\/magento setup:upgrade"} [] []
[2026-03-08T13:13:19.931364+00:00] main.INFO: {"feed":"salesOrderStatuses","operation":"full reindex(legacy)","status":"Initialize","elapsed":"899 ms","pid":"93937","caller":".\/magento setup:upgrade"} [] []
[2026-03-08T13:13:20.004989+00:00] main.INFO: {"feed":"salesOrderStatuses","operation":"full reindex(legacy)","status":"Creating batch table `sales_data_exporter_order_statuses_index_batches`. Start position: ","elapsed":"973 ms","pid":"93937","caller":".\/magento setup:upgrade"} [] []
[2026-03-08T13:13:20.057153+00:00] main.INFO: {"feed":"salesOrderStatuses","operation":"full reindex(legacy)","status":"Batch table `sales_data_exporter_order_statuses_index_batches` created. Total Items: 12, batches: ~0","elapsed":"00:00:00 25 ms","pid":"93937","caller":".\/magento setup:upgrade"} [] []
[2026-03-08T13:13:20.057457+00:00] main.INFO: {"feed":"salesOrderStatuses","operation":"full reindex(legacy)","status":"start processing `12` items in `1` threads with `100` batch size","elapsed":"00:00:00 25 ms","pid":"93937","caller":".\/magento setup:upgrade"} [] []
[2026-03-08T13:13:20.067799+00:00] main.INFO: {"feed":"salesOrderStatuses","operation":"full reindex(legacy)","status":"Progress 1\/1, processed 12, synced 12","elapsed":"00:00:00 36 ms","pid":"93937","caller":".\/magento setup:upgrade"} [] []
[2026-03-08T13:13:20.071109+00:00] main.INFO: {"feed":"salesOrderStatuses","operation":"full reindex(legacy)","status":"Complete","elapsed":"00:00:00 39 ms","pid":"93937","caller":".\/magento setup:upgrade"} [] []
[2026-03-08T13:13:20.087243+00:00] main.INFO: {"feed":"stores","operation":"full reindex(legacy)","status":"Initialize","elapsed":"00:00:00 211 ms","pid":"93937","caller":".\/magento setup:upgrade"} [] []
[2026-03-08T13:13:20.167397+00:00] main.INFO: {"feed":"stores","operation":"full reindex(legacy)","status":"Creating batch table `stores_data_exporter_index_batches`. Start position: 0","elapsed":"00:00:00 291 ms","pid":"93937","caller":".\/magento setup:upgrade"} [] []
[2026-03-08T13:13:20.225793+00:00] main.INFO: {"feed":"stores","operation":"full reindex(legacy)","status":"Batch table `stores_data_exporter_index_batches` created. Total Items: 1, batches: ~0","elapsed":"00:00:00 350 ms","pid":"93937","caller":".\/magento setup:upgrade"} [] []
[2026-03-08T13:13:20.226021+00:00] main.INFO: {"feed":"stores","operation":"full reindex(legacy)","status":"start processing `1` items in `1` threads with `100` batch size","elapsed":"00:00:00 350 ms","pid":"93937","caller":".\/magento setup:upgrade"} [] []
[2026-03-08T13:13:20.239262+00:00] main.INFO: {"feed":"stores","operation":"full reindex(legacy)","status":"Progress 1\/1, processed 1, synced 1","elapsed":"00:00:00 363 ms","pid":"93937","caller":".\/magento setup:upgrade"} [] []
[2026-03-08T13:13:20.242736+00:00] main.INFO: {"feed":"stores","operation":"full reindex(legacy)","status":"Complete","elapsed":"00:00:00 367 ms","pid":"93937","caller":".\/magento setup:upgrade"} [] []
